<?xml version="1.0" encoding="UTF-8"?>
<!-- Generated by org.testng.reporters.JUnitReportReporter -->
<testsuite hostname="DESKTOP-281OE27" failures="0" tests="2" name="tests.loginprocess.EplPageLoginProcessTest" time="56.729" errors="0" timestamp="18 авг. 2022 06:27:46 GMT" skipped="0">
  <testcase classname="tests.loginprocess.EplPageLoginProcessTest" name="loginEpZoneAccount" time="35.462"/>
  <testcase classname="tests.loginprocess.EplPageLoginProcessTest" name="loginEplAccount" time="21.267"/>
</testsuite> <!-- tests.loginprocess.EplPageLoginProcessTest -->
